<?xml version="1.0" encoding="utf-8"?>
<testsuites tests="1" failures="0" disabled="0" time="">
  
  
    
    
    
    
      <testcase name="FibonacciTest" assertions="8" time="0.016" status="Passed" classname="">
      </testcase>
    
    
      
        
        Raw test results from FitNesse
      
    
  
</testsuites>
